<?xml version="1.0" encoding="UTF-8"?>
<!-- Generated by org.testng.reporters.JUnitXMLReporter -->
<testsuite hostname="DESKTOP-KLLTQMA" ignored="0" name="ChromeTest" tests="2" failures="1" timestamp="15 Sep 2020 18:19:49 GMT" time="29.24" errors="0">
  <testcase name="tc05" time="0.029" classname="Test.Test2">
    <failure type="java.lang.AssertionError" message="expected [true] but found [false]">
      <![CDATA[java.lang.AssertionError: expected [true] but found [false]
	at Test.Test2.tc05(Test2.java:36)
... Removed 29 stack frames]]>
    </failure>
  </testcase> <!-- tc05 -->
  <testcase name="facebook" time="0.002" classname="Test.Test2"/>
</testsuite> <!-- ChromeTest -->
