<?xml version="1.0" encoding="UTF-8"?>
<testng-results skipped="0" failed="1" ignored="0" total="2" passed="1">
  <reporter-output>
  </reporter-output>
  <suite name="RegressionSuite" duration-ms="29240" started-at="2020-09-15T18:19:20Z" finished-at="2020-09-15T18:19:49Z">
    <groups>
    </groups>
    <test name="ChromeTest" duration-ms="29240" started-at="2020-09-15T18:19:20Z" finished-at="2020-09-15T18:19:49Z">
      <class name="Test.Test2">
        <test-method status="PASS" signature="startReport()[pri:0, instance:Test.Test2@1593948d]" name="startReport" is-config="true" duration-ms="142" started-at="2020-09-15T23:49:20Z" finished-at="2020-09-15T23:49:20Z">
          <reporter-output>
          </reporter-output>
        </test-method> <!-- startReport -->
        <test-method status="PASS" signature="LaunchBrowser(java.lang.String, java.lang.String)[pri:0, instance:Test.Test2@1593948d]" name="LaunchBrowser" is-config="true" duration-ms="14930" started-at="2020-09-15T23:49:20Z" finished-at="2020-09-15T23:49:35Z">
          <params>
            <param index="0">
              <value>
                <![CDATA[chrome]]>
              </value>
            </param>
            <param index="1">
              <value>
                <![CDATA[https://www.facebook.com/]]>
              </value>
            </param>
          </params>
          <reporter-output>
          </reporter-output>
        </test-method> <!-- LaunchBrowser -->
        <test-method status="FAIL" signature="tc05()[pri:1, instance:Test.Test2@1593948d]" name="tc05" duration-ms="29" started-at="2020-09-15T23:49:35Z" description="test case 05" finished-at="2020-09-15T23:49:35Z">
          <exception class="java.lang.AssertionError">
            <message>
              <![CDATA[expected [true] but found [false]]]>
            </message>
            <full-stacktrace>
              <![CDATA[java.lang.AssertionError: expected [true] but found [false]
	at org.testng.Assert.fail(Assert.java:94)
	at org.testng.Assert.failNotEquals(Assert.java:513)
	at org.testng.Assert.assertTrue(Assert.java:42)
	at org.testng.Assert.assertTrue(Assert.java:52)
	at Test.Test2.tc05(Test2.java:36)
	at sun.reflect.NativeMethodAccessorImpl.invoke0(Native Method)
	at sun.reflect.NativeMethodAccessorImpl.invoke(Unknown Source)
	at sun.reflect.DelegatingMethodAccessorImpl.invoke(Unknown Source)
	at java.lang.reflect.Method.invoke(Unknown Source)
	at org.testng.internal.MethodInvocationHelper.invokeMethod(MethodInvocationHelper.java:104)
	at org.testng.internal.Invoker.invokeMethod(Invoker.java:645)
	at org.testng.internal.Invoker.invokeTestMethod(Invoker.java:851)
	at org.testng.internal.Invoker.invokeTestMethods(Invoker.java:1177)
	at org.testng.internal.TestMethodWorker.invokeTestMethods(TestMethodWorker.java:129)
	at org.testng.internal.TestMethodWorker.run(TestMethodWorker.java:112)
	at org.testng.TestRunner.privateRun(TestRunner.java:756)
	at org.testng.TestRunner.run(TestRunner.java:610)
	at org.testng.SuiteRunner.runTest(SuiteRunner.java:387)
	at org.testng.SuiteRunner.runSequentially(SuiteRunner.java:382)
	at org.testng.SuiteRunner.privateRun(SuiteRunner.java:340)
	at org.testng.SuiteRunner.run(SuiteRunner.java:289)
	at org.testng.SuiteRunnerWorker.runSuite(SuiteRunnerWorker.java:52)
	at org.testng.SuiteRunnerWorker.run(SuiteRunnerWorker.java:86)
	at org.testng.TestNG.runSuitesSequentially(TestNG.java:1293)
	at org.testng.TestNG.runSuitesLocally(TestNG.java:1218)
	at org.testng.TestNG.runSuites(TestNG.java:1133)
	at org.testng.TestNG.run(TestNG.java:1104)
	at org.testng.remote.AbstractRemoteTestNG.run(AbstractRemoteTestNG.java:132)
	at org.testng.remote.RemoteTestNG.initAndRun(RemoteTestNG.java:236)
	at org.testng.remote.RemoteTestNG.main(RemoteTestNG.java:81)
]]>
            </full-stacktrace>
          </exception> <!-- java.lang.AssertionError -->
          <reporter-output>
          </reporter-output>
        </test-method> <!-- tc05 -->
        <test-method status="PASS" signature="getResult(org.testng.ITestResult)[pri:0, instance:Test.Test2@1593948d]" name="getResult" is-config="true" duration-ms="0" started-at="2020-09-15T23:49:35Z" finished-at="2020-09-15T23:49:35Z">
          <params>
            <param index="0">
              <value>
                <![CDATA[[TestResult name=tc05 status=FAILURE method=Test2.tc05()[pri:1, instance:Test.Test2@1593948d] output={null}]]]>
              </value>
            </param>
          </params>
          <reporter-output>
          </reporter-output>
        </test-method> <!-- getResult -->
        <test-method status="PASS" signature="LaunchBrowser(java.lang.String, java.lang.String)[pri:0, instance:Test.Test2@1593948d]" name="LaunchBrowser" is-config="true" duration-ms="14256" started-at="2020-09-15T23:49:35Z" finished-at="2020-09-15T23:49:49Z">
          <params>
            <param index="0">
              <value>
                <![CDATA[chrome]]>
              </value>
            </param>
            <param index="1">
              <value>
                <![CDATA[https://www.facebook.com/]]>
              </value>
            </param>
          </params>
          <reporter-output>
          </reporter-output>
        </test-method> <!-- LaunchBrowser -->
        <test-method status="PASS" signature="facebook()[pri:2, instance:Test.Test2@1593948d]" name="facebook" duration-ms="2" started-at="2020-09-15T23:49:49Z" description="Fb Test case" finished-at="2020-09-15T23:49:49Z">
          <reporter-output>
          </reporter-output>
        </test-method> <!-- facebook -->
        <test-method status="PASS" signature="getResult(org.testng.ITestResult)[pri:0, instance:Test.Test2@1593948d]" name="getResult" is-config="true" duration-ms="0" started-at="2020-09-15T23:49:49Z" finished-at="2020-09-15T23:49:49Z">
          <params>
            <param index="0">
              <value>
                <![CDATA[[TestResult name=facebook status=SUCCESS method=Test2.facebook()[pri:2, instance:Test.Test2@1593948d] output={null}]]]>
              </value>
            </param>
          </params>
          <reporter-output>
          </reporter-output>
        </test-method> <!-- getResult -->
        <test-method status="PASS" signature="endReport()[pri:0, instance:Test.Test2@1593948d]" name="endReport" is-config="true" duration-ms="512" started-at="2020-09-15T23:49:49Z" finished-at="2020-09-15T23:49:50Z">
          <reporter-output>
          </reporter-output>
        </test-method> <!-- endReport -->
      </class> <!-- Test.Test2 -->
    </test> <!-- ChromeTest -->
  </suite> <!-- RegressionSuite -->
</testng-results>
